0 info it worked if it ends with ok
1 verbose cli [ '/usr/local/bin/node',
1 verbose cli   '/usr/local/bin/npm',
1 verbose cli   'install',
1 verbose cli   'popbox',
1 verbose cli   '-save' ]
2 info using npm@3.8.6
3 info using node@v6.11.0
4 silly loadCurrentTree Starting
5 silly install loadCurrentTree
6 silly install readLocalPackageData
7 silly fetchPackageMetaData popbox
8 silly fetchNamedPackageData popbox
9 silly mapToRegistry name popbox
10 silly mapToRegistry using default registry
11 silly mapToRegistry registry https://registry.npmjs.org/
12 silly mapToRegistry data Result {
12 silly mapToRegistry   raw: 'popbox',
12 silly mapToRegistry   scope: null,
12 silly mapToRegistry   name: 'popbox',
12 silly mapToRegistry   rawSpec: '',
12 silly mapToRegistry   spec: 'latest',
12 silly mapToRegistry   type: 'tag' }
13 silly mapToRegistry uri https://registry.npmjs.org/popbox
14 verbose request uri https://registry.npmjs.org/popbox
15 verbose request no auth needed
16 info attempt registry request try #1 at 15:52:54
17 verbose request using bearer token for auth
18 verbose request id 90698d1b983cf23b
19 verbose etag W/"5a13db1f-997"
20 verbose lastModified Tue, 21 Nov 2017 07:51:59 GMT
21 http request GET https://registry.npmjs.org/popbox
22 http 304 https://registry.npmjs.org/popbox
23 verbose headers { server: 'nginx/1.10.1',
23 verbose headers   'last-modified': 'Tue, 21 Nov 2017 07:51:59 GMT',
23 verbose headers   etag: '"5a13db1f-997"',
23 verbose headers   'cache-control': 'max-age=300',
23 verbose headers   'accept-ranges': 'bytes',
23 verbose headers   date: 'Tue, 21 Nov 2017 07:52:56 GMT',
23 verbose headers   via: '1.1 varnish',
23 verbose headers   connection: 'keep-alive',
23 verbose headers   'x-served-by': 'cache-bur17529-BUR',
23 verbose headers   'x-cache': 'MISS',
23 verbose headers   'x-cache-hits': '0',
23 verbose headers   'x-timer': 'S1511250776.398611,VS0,VE30',
23 verbose headers   vary: 'Accept-Encoding, Accept' }
24 silly get cb [ 304,
24 silly get   { server: 'nginx/1.10.1',
24 silly get     'last-modified': 'Tue, 21 Nov 2017 07:51:59 GMT',
24 silly get     etag: '"5a13db1f-997"',
24 silly get     'cache-control': 'max-age=300',
24 silly get     'accept-ranges': 'bytes',
24 silly get     date: 'Tue, 21 Nov 2017 07:52:56 GMT',
24 silly get     via: '1.1 varnish',
24 silly get     connection: 'keep-alive',
24 silly get     'x-served-by': 'cache-bur17529-BUR',
24 silly get     'x-cache': 'MISS',
24 silly get     'x-cache-hits': '0',
24 silly get     'x-timer': 'S1511250776.398611,VS0,VE30',
24 silly get     vary: 'Accept-Encoding, Accept' } ]
25 verbose etag https://registry.npmjs.org/popbox from cache
26 verbose get saving popbox to /Users/caojiangtao/.npm/registry.npmjs.org/popbox/.cache.json
27 verbose correctMkdir /Users/caojiangtao/.npm correctMkdir not in flight; initializing
28 silly install normalizeTree
29 silly loadCurrentTree Finishing
30 silly loadIdealTree Starting
31 silly install loadIdealTree
32 silly cloneCurrentTree Starting
33 silly install cloneCurrentTreeToIdealTree
34 silly cloneCurrentTree Finishing
35 silly loadShrinkwrap Starting
36 silly install loadShrinkwrap
37 silly loadShrinkwrap Finishing
38 silly loadAllDepsIntoIdealTree Starting
39 silly install loadAllDepsIntoIdealTree
40 silly rollbackFailedOptional Starting
41 silly rollbackFailedOptional Finishing
42 silly runTopLevelLifecycles Starting
43 silly runTopLevelLifecycles Finishing
44 silly install printInstalled
45 verbose stack Error: Refusing to install popbox as a dependency of itself
45 verbose stack     at checkSelf (/usr/local/lib/node_modules/npm/lib/install/validate-args.js:53:14)
45 verbose stack     at Array.<anonymous> (/usr/local/lib/node_modules/npm/node_modules/slide/lib/bind-actor.js:15:8)
45 verbose stack     at LOOP (/usr/local/lib/node_modules/npm/node_modules/slide/lib/chain.js:15:14)
45 verbose stack     at chain (/usr/local/lib/node_modules/npm/node_modules/slide/lib/chain.js:20:5)
45 verbose stack     at /usr/local/lib/node_modules/npm/lib/install/validate-args.js:16:5
45 verbose stack     at /usr/local/lib/node_modules/npm/node_modules/slide/lib/async-map.js:52:35
45 verbose stack     at Array.forEach (native)
45 verbose stack     at /usr/local/lib/node_modules/npm/node_modules/slide/lib/async-map.js:52:11
45 verbose stack     at Array.forEach (native)
45 verbose stack     at asyncMap (/usr/local/lib/node_modules/npm/node_modules/slide/lib/async-map.js:51:8)
46 verbose cwd /Users/caojiangtao/ECMAScript6/vue/river/vue-popup-box
47 error Darwin 16.0.0
48 error argv "/usr/local/bin/node" "/usr/local/bin/npm" "install" "popbox" "-save"
49 error node v6.11.0
50 error npm  v3.8.6
51 error code ENOSELF
52 error Refusing to install popbox as a dependency of itself
53 error If you need help, you may report this error at:
53 error     <https://github.com/npm/npm/issues>
54 verbose exit [ 1, true ]
